---- 2016 09 06 - 01:44:33 -------- [2] WARNING --------
Cannot modify header information - headers already sent by (output started at /media/sf_dev/micro/vendor/zdorovo/micro/Micro/Routing/list/list.php:203)
/media/sf_dev/micro/vendor/zdorovo/micro/Micro/Request/Request.php::22

---- 2016 09 06 - 01:47:40 -------- [2] WARNING --------
Cannot modify header information - headers already sent by (output started at /media/sf_dev/micro/vendor/zdorovo/micro/Micro/Routing/list/list.php:203)
/media/sf_dev/micro/vendor/zdorovo/micro/Micro/Request/Request.php::22

---- 2016 09 06 - 01:55:49 -------- [2] WARNING --------
Cannot modify header information - headers already sent by (output started at /media/sf_dev/micro/vendor/zdorovo/micro/Micro/Routing/list/list.php:203)
/media/sf_dev/micro/vendor/zdorovo/micro/Micro/Request/Request.php::22

---- 2016 09 06 - 01:58:25 -------- [2] WARNING --------
Cannot modify header information - headers already sent by (output started at /media/sf_dev/micro/vendor/zdorovo/micro/Micro/Routing/list/list.php:203)
/media/sf_dev/micro/vendor/zdorovo/micro/Micro/Request/Request.php::22

---- 2016 09 06 - 01:59:48 -------- [2] WARNING --------
Cannot modify header information - headers already sent by (output started at /media/sf_dev/micro/vendor/zdorovo/micro/Micro/Routing/list/list.php:203)
/media/sf_dev/micro/vendor/zdorovo/micro/Micro/Request/Request.php::22

---- 2016 09 06 - 02:02:46 -------- [2] WARNING --------
Cannot modify header information - headers already sent by (output started at /media/sf_dev/micro/vendor/zdorovo/micro/Micro/Routing/list/list.php:203)
/media/sf_dev/micro/vendor/zdorovo/micro/Micro/Request/Request.php::22

---- 2016 09 06 - 02:07:05 -------- [8] NOTICE --------
Undefined property: MicroMir\Routing\Router::$group
/media/sf_dev/micro/vendor/zdorovo/micro/Micro/Routing/Router.php::152

---- 2016 09 06 - 02:07:05 -------- [8] NOTICE --------
Undefined property: MicroMir\Routing\Router::$group
/media/sf_dev/micro/vendor/zdorovo/micro/Micro/Routing/Router.php::152

---- 2016 09 06 - 02:07:31 -------- [8] NOTICE --------
Undefined property: MicroMir\Routing\Router::$group
/media/sf_dev/micro/vendor/zdorovo/micro/Micro/Routing/Router.php::152

---- 2016 09 06 - 02:07:31 -------- [8] NOTICE --------
Undefined property: MicroMir\Routing\Router::$group
/media/sf_dev/micro/vendor/zdorovo/micro/Micro/Routing/Router.php::152

---- 2016 09 06 - 07:56:49 -------- [4] PARSE --------
syntax error, unexpected '[', expecting ',' or ';'
/media/sf_dev/micro/vendor/zdorovo/micro/Micro/Routing/Router.php::22

---- 2016 09 06 - 09:36:06 -------- [8] NOTICE --------
Undefined variable: lastFile
/media/sf_dev/micro/vendor/zdorovo/micro/Micro/Routing/Router.php::119

---- 2016 09 06 - 09:36:06 -------- [8] NOTICE --------
Undefined index: 
/media/sf_dev/micro/vendor/zdorovo/micro/Micro/Routing/Router.php::119

---- 2016 09 06 - 11:04:25 -------- [2] WARNING --------
Cannot modify header information - headers already sent by (output started at /media/sf_dev/micro/vendor/zdorovo/micro/Micro/Debug/d.php:76)
/media/sf_dev/micro/vendor/zdorovo/micro/Micro/Request/Request.php::22

---- 2016 09 06 - 11:43:16 -------- [2] WARNING --------
Cannot modify header information - headers already sent by (output started at /media/sf_dev/micro/vendor/zdorovo/micro/Micro/Routing/list/list.php:203)
/media/sf_dev/micro/vendor/zdorovo/micro/Micro/Request/Request.php::22

---- 2016 09 06 - 11:43:17 -------- [2] WARNING --------
Cannot modify header information - headers already sent by (output started at /media/sf_dev/micro/vendor/zdorovo/micro/Micro/Routing/list/list.php:203)
/media/sf_dev/micro/vendor/zdorovo/micro/Micro/Request/Request.php::22

---- 2016 09 06 - 11:46:27 -------- [2] WARNING --------
Cannot modify header information - headers already sent by (output started at /media/sf_dev/micro/vendor/zdorovo/micro/Micro/Routing/list/list.php:203)
/media/sf_dev/micro/vendor/zdorovo/micro/Micro/Request/Request.php::22

---- 2016 09 06 - 11:46:55 -------- [2] WARNING --------
Cannot modify header information - headers already sent by (output started at /media/sf_dev/micro/vendor/zdorovo/micro/Micro/Routing/list/list.php:203)
/media/sf_dev/micro/vendor/zdorovo/micro/Micro/Request/Request.php::22

---- 2016 09 06 - 11:47:10 -------- [2] WARNING --------
Cannot modify header information - headers already sent by (output started at /media/sf_dev/micro/vendor/zdorovo/micro/Micro/Routing/list/list.php:203)
/media/sf_dev/micro/vendor/zdorovo/micro/Micro/Request/Request.php::22

---- 2016 09 06 - 11:49:56 -------- [2] WARNING --------
Cannot modify header information - headers already sent by (output started at /media/sf_dev/micro/vendor/zdorovo/micro/Micro/Routing/list/list.php:203)
/media/sf_dev/micro/vendor/zdorovo/micro/Micro/Request/Request.php::22

---- 2016 09 06 - 11:55:34 -------- [2] WARNING --------
Cannot modify header information - headers already sent by (output started at /media/sf_dev/micro/vendor/zdorovo/micro/Micro/Routing/list/list.php:203)
/media/sf_dev/micro/vendor/zdorovo/micro/Micro/Request/Request.php::22

---- 2016 09 07 - 12:05:27 -------- [2] WARNING --------
Cannot modify header information - headers already sent by (output started at /media/sf_dev/micro/vendor/zdorovo/micro/Micro/Routing/list/list.php:203)
/media/sf_dev/micro/vendor/zdorovo/micro/Micro/Request/Request.php::22

---- 2016 09 07 - 12:06:53 -------- [2] WARNING --------
Cannot modify header information - headers already sent by (output started at /media/sf_dev/micro/vendor/zdorovo/micro/Micro/Routing/list/list.php:203)
/media/sf_dev/micro/vendor/zdorovo/micro/Micro/Request/Request.php::22

---- 2016 09 07 - 12:07:35 -------- [2] WARNING --------
Cannot modify header information - headers already sent by (output started at /media/sf_dev/micro/vendor/zdorovo/micro/Micro/Routing/list/list.php:203)
/media/sf_dev/micro/vendor/zdorovo/micro/Micro/Request/Request.php::22

---- 2016 09 07 - 12:24:38 -------- [2] WARNING --------
Cannot modify header information - headers already sent by (output started at /media/sf_dev/micro/vendor/zdorovo/micro/Micro/Routing/list/list.php:203)
/media/sf_dev/micro/vendor/zdorovo/micro/Micro/Request/Request.php::22

---- 2016 09 07 - 12:39:07 -------- [2] WARNING --------
Cannot modify header information - headers already sent by (output started at /media/sf_dev/micro/vendor/zdorovo/micro/Micro/Routing/list/list.php:222)
/media/sf_dev/micro/vendor/zdorovo/micro/Micro/Request/Request.php::22

---- 2016 09 07 - 12:42:00 -------- [2] WARNING --------
Cannot modify header information - headers already sent by (output started at /media/sf_dev/micro/vendor/zdorovo/micro/Micro/Routing/list/list.php:222)
/media/sf_dev/micro/vendor/zdorovo/micro/Micro/Request/Request.php::22

---- 2016 09 07 - 12:43:27 -------- [2] WARNING --------
Cannot modify header information - headers already sent by (output started at /media/sf_dev/micro/vendor/zdorovo/micro/Micro/Routing/list/list.php:222)
/media/sf_dev/micro/vendor/zdorovo/micro/Micro/Request/Request.php::22

